Uptime at Thu  1 Aug 20:50:02 EDT 2024: up 55 minutes
Raspberry Pi booted at Thu  1 Aug 20:50:43 EDT 2024
Uptime at Thu  1 Aug 20:50:43 EDT 2024: up 0 minutes
Uptime at Thu  1 Aug 21:00:01 EDT 2024: up 9 minutes
Uptime at Thu  1 Aug 21:10:01 EDT 2024: up 19 minutes
Uptime at Thu  1 Aug 21:20:01 EDT 2024: up 29 minutes
Raspberry Pi booted at Thu  1 Aug 21:23:00 EDT 2024
Uptime at Thu  1 Aug 21:23:00 EDT 2024: up 0 minutes
Uptime at Thu  1 Aug 21:30:02 EDT 2024: up 7 minutes
Uptime at Thu  1 Aug 21:40:01 EDT 2024: up 16 minutes
Raspberry Pi booted at Thu  1 Aug 21:45:39 EDT 2024
Uptime at Thu  1 Aug 21:45:39 EDT 2024: up 0 minutes
Uptime at Thu  1 Aug 21:50:01 EDT 2024: up 4 minutes
Uptime at Thu  1 Aug 22:00:01 EDT 2024: up 14 minutes
Uptime at Thu  1 Aug 22:10:01 EDT 2024: up 24 minutes
Raspberry Pi booted at Thu  1 Aug 22:11:12 EDT 2024
Uptime at Thu  1 Aug 22:11:12 EDT 2024: up 0 minutes
Uptime at Thu  1 Aug 22:20:01 EDT 2024: up 8 minutes
Uptime at Thu  1 Aug 22:30:01 EDT 2024: up 18 minutes
Uptime at Thu  1 Aug 22:32:22 EDT 2024: up 21 minutes
Uptime at Thu  1 Aug 22:32:27 EDT 2024: up 21 minutes
Uptime at Thu  1 Aug 22:32:45 EDT 2024: up 21 minutes
Uptime at Thu  1 Aug 22:34:03 EDT 2024: up 22 minutes
Uptime at Thu  1 Aug 22:40:01 EDT 2024: up 28 minutes
Raspberry Pi booted at Thu  1 Aug 22:41:12 EDT 2024
Uptime at Thu  1 Aug 22:41:12 EDT 2024: up 0 minutes
Uptime at Thu  1 Aug 22:50:01 EDT 2024: up 8 minutes
Raspberry Pi booted at Thu  1 Aug 22:54:12 EDT 2024
Uptime at Thu  1 Aug 22:54:12 EDT 2024: up 0 minutes

Raspberry Pi booted at Thu  1 Aug 22:56:54 EDT 2024
Uptime at Thu  1 Aug 22:56:54 EDT 2024: up 0 minutes
Uptime at Thu  1 Aug 23:00:02 EDT 2024: up 3 minutes

Raspberry Pi booted at Thu  1 Aug 23:02:56 EDT 2024
Uptime at Thu  1 Aug 23:02:56 EDT 2024: up 0 minutes
Uptime at Fri  2 Aug 12:20:37 EDT 2024: up 1 minute

Raspberry Pi booted at Fri  2 Aug 12:21:49 EDT 2024
Uptime at Fri  2 Aug 12:21:49 EDT 2024: up 0 minutes

Raspberry Pi booted at Fri  2 Aug 13:03:47 EDT 2024
Uptime at Fri  2 Aug 13:03:47 EDT 2024: up 0 minutes

Raspberry Pi booted at Fri  2 Aug 13:05:18 EDT 2024
Uptime at Fri  2 Aug 13:05:19 EDT 2024: up 0 minutes

Raspberry Pi booted at Fri  2 Aug 13:08:17 EDT 2024
Uptime at Fri  2 Aug 13:08:17 EDT 2024: up 0 minutes
Uptime at Fri  2 Aug 13:10:19 EDT 2024: up 1 minute

Raspberry Pi booted at Fri  2 Aug 13:10:52 EDT 2024
Uptime at Fri  2 Aug 13:10:52 EDT 2024: up 0 minutes

Raspberry Pi booted at Fri  2 Aug 13:14:09 EDT 2024
Uptime at Fri  2 Aug 13:14:09 EDT 2024: up 0 minutes
Uptime at Fri  2 Aug 13:30:01 EDT 2024: up 15 minutes
Uptime at Fri  2 Aug 13:40:01 EDT 2024: up 25 minutes
Uptime at Fri  2 Aug 13:50:01 EDT 2024: up 35 minutes
Uptime at Fri  2 Aug 14:00:01 EDT 2024: up 45 minutes
Uptime at Fri  2 Aug 14:10:01 EDT 2024: up 55 minutes
Uptime at Fri  2 Aug 14:20:01 EDT 2024: up 1 hour, 5 minutes
Uptime at Fri  2 Aug 14:30:02 EDT 2024: up 1 hour, 15 minutes
Uptime at Fri  2 Aug 14:40:01 EDT 2024: up 1 hour, 25 minutes
Uptime at Fri  2 Aug 14:50:01 EDT 2024: up 1 hour, 35 minutes
Uptime at Fri  2 Aug 15:00:01 EDT 2024: up 1 hour, 45 minutes
Uptime at Fri  2 Aug 15:10:01 EDT 2024: up 1 hour, 55 minutes
Uptime at Fri  2 Aug 15:20:01 EDT 2024: up 2 hours, 5 minutes
Uptime at Fri  2 Aug 15:30:02 EDT 2024: up 2 hours, 15 minutes
Uptime at Fri  2 Aug 15:40:01 EDT 2024: up 2 hours, 25 minutes

Raspberry Pi booted at Fri  2 Aug 15:44:43 EDT 2024
Uptime at Fri  2 Aug 15:44:43 EDT 2024: up 0 minutes
Uptime at Fri  2 Aug 15:50:02 EDT 2024: up 5 minutes
Uptime at Fri  2 Aug 16:00:04 EDT 2024: up 15 minutes
Uptime at Fri  2 Aug 16:10:08 EDT 2024: up 25 minutes
Uptime at Fri  2 Aug 16:20:01 EDT 2024: up 35 minutes

Raspberry Pi booted at Fri  2 Aug 16:23:59 EDT 2024
Uptime at Fri  2 Aug 16:23:59 EDT 2024: up 0 minutes
Uptime at Fri  2 Aug 16:30:01 EDT 2024: up 5 minutes

Raspberry Pi booted at Fri  2 Aug 16:31:31 EDT 2024
Uptime at Fri  2 Aug 16:31:31 EDT 2024: up 0 minutes
Uptime at Fri  2 Aug 16:40:01 EDT 2024: up 8 minutes

Raspberry Pi booted at Fri  2 Aug 16:41:44 EDT 2024
Uptime at Fri  2 Aug 16:41:44 EDT 2024: up 0 minutes
Uptime at Fri  2 Aug 16:50:01 EDT 2024: up 8 minutes

Raspberry Pi booted at Fri  2 Aug 16:58:54 EDT 2024
Uptime at Fri  2 Aug 16:58:54 EDT 2024: up 0 minutes
Uptime at Fri  2 Aug 17:00:01 EDT 2024: up 1 minute

Raspberry Pi booted at Fri  2 Aug 16:59:54 EDT 2024
Uptime at Fri  2 Aug 16:59:54 EDT 2024: up 0 minutes
Uptime at Fri  2 Aug 17:00:01 EDT 2024: up 0 minutes
Uptime at Fri  2 Aug 17:10:01 EDT 2024: up 10 minutes

Raspberry Pi booted at Fri  2 Aug 17:16:02 EDT 2024
Uptime at Fri  2 Aug 17:16:02 EDT 2024: up 0 minutes

Raspberry Pi booted at Fri  2 Aug 17:17:05 EDT 2024
Uptime at Fri  2 Aug 17:17:05 EDT 2024: up 0 minutes
Uptime at Fri  2 Aug 17:20:01 EDT 2024: up 3 minutes

Raspberry Pi booted at Fri  2 Aug 17:20:07 EDT 2024
Uptime at Fri  2 Aug 17:20:07 EDT 2024: up 0 minutes

Raspberry Pi booted at Fri  2 Aug 17:24:09 EDT 2024
Uptime at Fri  2 Aug 17:24:09 EDT 2024: up 0 minutes

Raspberry Pi booted at Fri  2 Aug 17:26:10 EDT 2024
Uptime at Fri  2 Aug 17:26:10 EDT 2024: up 0 minutes
Uptime at Mon  5 Aug 01:30:01 EDT 2024: up 9 minutes
Uptime at Mon  5 Aug 01:40:01 EDT 2024: up 19 minutes

Raspberry Pi booted at Mon  5 Aug 01:49:46 EDT 2024
Uptime at Mon  5 Aug 01:49:46 EDT 2024: up 0 minutes
Uptime at Mon  5 Aug 01:50:01 EDT 2024: up 0 minutes

Raspberry Pi booted at Mon  5 Aug 01:52:32 EDT 2024
Uptime at Mon  5 Aug 01:52:32 EDT 2024: up 0 minutes
Uptime at Mon  5 Aug 02:00:02 EDT 2024: up 7 minutes

Raspberry Pi booted at Mon  5 Aug 02:00:29 EDT 2024
Uptime at Mon  5 Aug 02:00:29 EDT 2024: up 0 minutes
Uptime at Mon  5 Aug 11:20:01 EDT 2024: up 2 minutes
Uptime at Mon  5 Aug 11:30:01 EDT 2024: up 12 minutes

Raspberry Pi booted at Mon  5 Aug 11:34:02 EDT 2024
Uptime at Mon  5 Aug 11:34:02 EDT 2024: up 0 minutes
Uptime at Mon  5 Aug 11:40:02 EDT 2024: up 5 minutes

Raspberry Pi booted at Mon  5 Aug 11:43:49 EDT 2024
Uptime at Mon  5 Aug 11:43:49 EDT 2024: up 0 minutes
Uptime at Mon  5 Aug 11:50:01 EDT 2024: up 6 minutes
Uptime at Mon  5 Aug 12:00:02 EDT 2024: up 16 minutes
Uptime at Mon  5 Aug 12:10:01 EDT 2024: up 26 minutes
Uptime at Mon  5 Aug 12:20:01 EDT 2024: up 36 minutes
Uptime at Mon  5 Aug 12:30:01 EDT 2024: up 46 minutes

Raspberry Pi booted at Mon  5 Aug 12:32:30 EDT 2024
Uptime at Mon  5 Aug 12:32:30 EDT 2024: up 0 minutes
Uptime at Mon  5 Aug 12:40:02 EDT 2024: up 1 minute
